c:\users\anish\desktop\project-framework\x64\debug\graphics.obj
c:\users\anish\desktop\project-framework\x64\debug\tscolor.obj
c:\users\anish\desktop\project-framework\x64\debug\tsgraph.obj
c:\users\anish\desktop\project-framework\x64\debug\tshash.obj
c:\users\anish\desktop\project-framework\x64\debug\tsmath.obj
c:\users\anish\desktop\project-framework\x64\debug\tsmatrix3d.obj
c:\users\anish\desktop\project-framework\x64\debug\tstext.obj
c:\users\anish\desktop\project-framework\x64\debug\tsvector3d.obj
c:\users\anish\desktop\project-framework\x64\debug\opengex.obj
c:\users\anish\desktop\project-framework\x64\debug\base.obj
c:\users\anish\desktop\project-framework\x64\debug\main.obj
c:\users\anish\desktop\project-framework\x64\debug\tsbivector3d.obj
c:\users\anish\desktop\project-framework\x64\debug\tshalf.obj
c:\users\anish\desktop\project-framework\x64\debug\tslist.obj
c:\users\anish\desktop\project-framework\x64\debug\tsmap.obj
c:\users\anish\desktop\project-framework\x64\debug\tsmatrix2d.obj
c:\users\anish\desktop\project-framework\x64\debug\tsopenddl.obj
c:\users\anish\desktop\project-framework\x64\debug\tstree.obj
c:\users\anish\desktop\project-framework\x64\debug\tstrivector4d.obj
c:\users\anish\desktop\project-framework\x64\debug\tsbivector4d.obj
c:\users\anish\desktop\project-framework\x64\debug\tsmatrix4d.obj
c:\users\anish\desktop\project-framework\x64\debug\tsbox.obj
c:\users\anish\desktop\project-framework\x64\debug\tsquaternion.obj
c:\users\anish\desktop\project-framework\x64\debug\tsdata.obj
c:\users\anish\desktop\project-framework\x64\debug\tsflector4d.obj
c:\users\anish\desktop\project-framework\x64\debug\tsvector4d.obj
c:\users\anish\desktop\project-framework\x64\debug\tsbezier.obj
c:\users\anish\desktop\project-framework\x64\debug\tsstring.obj
c:\users\anish\desktop\project-framework\x64\debug\tstools.obj
c:\users\anish\desktop\project-framework\x64\debug\tsvector2d.obj
c:\users\anish\desktop\project-framework\x64\debug\tsalgebra.obj
c:\users\anish\desktop\project-framework\x64\debug\tsmotor4d.obj
c:\users\anish\desktop\project-framework\x64\debug\world.obj
c:\users\anish\desktop\project-framework\x64\debug\vc143.pdb
c:\users\anish\desktop\project-framework\frameworkopengl.exe
c:\users\anish\desktop\project-framework\frameworkopengl.pdb
c:\users\anish\desktop\project-framework\x64\debug\framework.tlog\cl.11132.write.1.tlog
c:\users\anish\desktop\project-framework\x64\debug\framework.tlog\cl.command.1.tlog
c:\users\anish\desktop\project-framework\x64\debug\framework.tlog\cl.read.1.tlog
c:\users\anish\desktop\project-framework\x64\debug\framework.tlog\link.command.1.tlog
c:\users\anish\desktop\project-framework\x64\debug\framework.tlog\link.read.1.tlog
c:\users\anish\desktop\project-framework\x64\debug\framework.tlog\link.write.1.tlog
